1
    Log for X-13ARIMA-SEATS program (Version 1.1 Build 39)  Mar 16, 2021  18.40.04 
    *-*-*-*-*-*-*-*-*-*-*-*-*-*-*-*-*-*-*-*-*-*-*-*-*-*-*-*-*-*-*-*-*-*-*-*-*



 Type of  Series      Additional                   Series title
 Adjust.  Ident.      Identifiers


  NOTE: The X-13ARIMA-SEATS diagnostic file (.udg) has been stored
        in the directory specified by the graphics (-g) option.

  M-NONE   series -------- -------- X-13ARIMA-SEATS run of series_copy_stay           
 Average Absolute Percentage Error : within-sample forecasts
    AAPE(Last year)   :             0.75
    AAPE(Last-1 year) :             2.98
    AAPE(Last-2 year) :             1.30
    AAPE(Last 3 years):             1.68
   AIC  :    -433.6739
   AICC :    -432.8189
   BIC  :    -413.1326
   Hannan-Quinn  :    -425.3264
     Summary of Significant Ljung-Box Q:
     Lag        Q         DF       P
     ---     -------     ---     -----
       4       4.757       1      0.029
       7      11.053       4      0.026
       8      12.643       5      0.027
       9      12.644       6      0.049
      11      16.376       8      0.037
      13      20.283      10      0.027
      14      20.795      11      0.036
      15      22.191      12      0.035
      16      24.160      13      0.030
      17      28.272      14      0.013
      18      28.776      15      0.017
      19      43.471      16      0.000
      20      44.539      17      0.000
      21      45.101      18      0.000
      22      45.109      19      0.001
      23      45.125      20      0.001
      24      49.424      21      0.000

    Skewness coefficient:   -0.4153  
    Geary's a statistic:    0.7929  
    Kurtosis:    3.0182  

     Range of seasonal factors is too low for summary sliding spans measures to be reliable.
     Summary sliding spans statistics not computed.
 AveAbsRev of Seasonal Adj. :               0.378
 AveAbsRev of Changes in Adj. :             0.231
 AveAbsRev of Trend :                       0.559
 AveAbsRev of Changes in Trend :            0.337

  NOTE: The diagnostic files produced by the -s option are stored in the
        directory specified by the graphics (-g) option.
